# JRE version: OpenJDK Runtime Environment GraalVM CE 22.3.0 (17.0.5+8) (build 17.0.5+8-jvmci-22.3-b08)
# Java VM: OpenJDK 64-Bit Server VM GraalVM CE 22.3.0 (17.0.5+8-jvmci-22.3-b08, mixed mode, sharing, tiered, jvmci, jvmci compiler, compressed oops, compressed class ptrs, parallel gc, linux-amd64)
GC Precious Log:
 CPUs: 8 total, 1 available
 Memory: 1024M
 Large Page Support: Disabled
 NUMA Support: Disabled
 Compressed Oops: Enabled (32-bit)
 Alignments: Space 512K, Generation 512K, Heap 2M
 Heap Min Capacity: 100M
 Heap Initial Capacity: 100M
 Heap Max Capacity: 512M
 Pre-touch: Disabled
 Parallel Workers: 1
Heap:
 PSYoungGen      total 44544K, used 16384K [0x00000000f5580000, 0x00000000f9d80000, 0x0000000100000000)
  eden space 16384K, 100% used [0x00000000f5580000,0x00000000f6580000,0x00000000f6580000)
  from space 28160K, 0% used [0x00000000f6580000,0x00000000f6580000,0x00000000f8100000)
  to   space 12800K, 0% used [0x00000000f8100000,0x00000000f8100000,0x00000000f8d80000)
 ParOldGen       total 349696K, used 349695K [0x00000000e0000000, 0x00000000f5580000, 0x00000000f5580000)
  object space 349696K, 99% used [0x00000000e0000000,0x00000000f557ffb0,0x00000000f5580000)
 Metaspace       used 49887K, committed 50688K, reserved 1097728K
  class space    used 5041K, committed 5376K, reserved 1048576K
GC Heap History (20 events):
Event: 1203.958 GC heap before
{Heap before GC invocations=674 (full 602):
 PSYoungGen      total 44544K, used 16384K [0x00000000f5580000, 0x00000000f9d80000, 0x0000000100000000)
  eden space 16384K, 100% used [0x00000000f5580000,0x00000000f6580000,0x00000000f6580000)
  from space 28160K, 0% used [0x00000000f6580000,0x00000000f6580000,0x00000000f8100000)
  to   space 12800K, 0% used [0x00000000f8100000,0x00000000f8100000,0x00000000f8d80000)
 ParOldGen       total 349696K, used 349695K [0x00000000e0000000, 0x00000000f5580000, 0x00000000f5580000)
  object space 349696K, 99% used [0x00000000e0000000,0x00000000f557ffd8,0x00000000f5580000)
 Metaspace       used 49887K, committed 50688K, reserved 1097728K
  class space    used 5041K, committed 5376K, reserved 1048576K
}
Event: 1205.803 GC heap after
{Heap after GC invocations=674 (full 602):
 PSYoungGen      total 29184K, used 16384K [0x00000000f5580000, 0x00000000f9d80000, 0x0000000100000000)
  eden space 16384K, 100% used [0x00000000f5580000,0x00000000f6580000,0x00000000f6580000)
  from space 12800K, 0% used [0x00000000f8100000,0x00000000f8100000,0x00000000f8d80000)
  to   space 28160K, 0% used [0x00000000f6580000,0x00000000f6580000,0x00000000f8100000)
 ParOldGen       total 349696K, used 349695K [0x00000000e0000000, 0x00000000f5580000, 0x00000000f5580000)
  object space 349696K, 99% used [0x00000000e0000000,0x00000000f557ff50,0x00000000f5580000)
 Metaspace       used 49887K, committed 50688K, reserved 1097728K
  class space    used 5041K, committed 5376K, reserved 1048576K
}
Event: 1205.804 GC heap before
{Heap before GC invocations=675 (full 603):
 PSYoungGen      total 29184K, used 16384K [0x00000000f5580000, 0x00000000f9d80000, 0x0000000100000000)
  eden space 16384K, 100% used [0x00000000f5580000,0x00000000f6580000,0x00000000f6580000)
  from space 12800K, 0% used [0x00000000f8100000,0x00000000f8100000,0x00000000f8d80000)
  to   space 28160K, 0% used [0x00000000f6580000,0x00000000f6580000,0x00000000f8100000)
 ParOldGen       total 349696K, used 349696K [0x00000000e0000000, 0x00000000f5580000, 0x00000000f5580000)
  object space 349696K, 100% used [0x00000000e0000000,0x00000000f5580000,0x00000000f5580000)
 Metaspace       used 49887K, committed 50688K, reserved 1097728K
  class space    used 5041K, committed 5376K, reserved 1048576K
}
Event: 1207.887 GC heap after
{Heap after GC invocations=675 (full 603):
 PSYoungGen      total 44544K, used 16384K [0x00000000f5580000, 0x00000000f9d80000, 0x0000000100000000)
  eden space 16384K, 100% used [0x00000000f5580000,0x00000000f6580000,0x00000000f6580000)
  from space 28160K, 0% used [0x00000000f6580000,0x00000000f6580000,0x00000000f8100000)
  to   space 12800K, 0% used [0x00000000f8100000,0x00000000f8100000,0x00000000f8d80000)
 ParOldGen       total 349696K, used 349695K [0x00000000e0000000, 0x00000000f5580000, 0x00000000f5580000)
  object space 349696K, 99% used [0x00000000e0000000,0x00000000f557ffc0,0x00000000f5580000)
 Metaspace       used 49887K, committed 50688K, reserved 1097728K
  class space    used 5041K, committed 5376K, reserved 1048576K
}
Event: 1207.887 GC heap before
{Heap before GC invocations=676 (full 604):
 PSYoungGen      total 44544K, used 16384K [0x00000000f5580000, 0x00000000f9d80000, 0x0000000100000000)
  eden space 16384K, 100% used [0x00000000f5580000,0x00000000f6580000,0x00000000f6580000)
  from space 28160K, 0% used [0x00000000f6580000,0x00000000f6580000,0x00000000f8100000)
  to   space 12800K, 0% used [0x00000000f8100000,0x00000000f8100000,0x00000000f8d80000)
 ParOldGen       total 349696K, used 349695K [0x00000000e0000000, 0x00000000f5580000, 0x00000000f5580000)
  object space 349696K, 99% used [0x00000000e0000000,0x00000000f557fff0,0x00000000f5580000)
 Metaspace       used 49887K, committed 50688K, reserved 1097728K
  class space    used 5041K, committed 5376K, reserved 1048576K
}
Event: 1209.624 GC heap after
{Heap after GC invocations=676 (full 604):
 PSYoungGen      total 29184K, used 16384K [0x00000000f5580000, 0x00000000f9d80000, 0x0000000100000000)
  eden space 16384K, 100% used [0x00000000f5580000,0x00000000f6580000,0x00000000f6580000)
  from space 12800K, 0% used [0x00000000f8100000,0x00000000f8100000,0x00000000f8d80000)
  to   space 28160K, 0% used [0x00000000f6580000,0x00000000f6580000,0x00000000f8100000)
 ParOldGen       total 349696K, used 349695K [0x00000000e0000000, 0x00000000f5580000, 0x00000000f5580000)
  object space 349696K, 99% used [0x00000000e0000000,0x00000000f557fff0,0x00000000f5580000)
 Metaspace       used 49887K, committed 50688K, reserved 1097728K
  class space    used 5041K, committed 5376K, reserved 1048576K
}
Event: 1209.624 GC heap before
{Heap before GC invocations=677 (full 605):
 PSYoungGen      total 29184K, used 16384K [0x00000000f5580000, 0x00000000f9d80000, 0x0000000100000000)
  eden space 16384K, 100% used [0x00000000f5580000,0x00000000f6580000,0x00000000f6580000)
  from space 12800K, 0% used [0x00000000f8100000,0x00000000f8100000,0x00000000f8d80000)
  to   space 28160K, 0% used [0x00000000f6580000,0x00000000f6580000,0x00000000f8100000)
 ParOldGen       total 349696K, used 349695K [0x00000000e0000000, 0x00000000f5580000, 0x00000000f5580000)
  object space 349696K, 99% used [0x00000000e0000000,0x00000000f557fff0,0x00000000f5580000)
 Metaspace       used 49887K, committed 50688K, reserved 1097728K
  class space    used 5041K, committed 5376K, reserved 1048576K
}
Event: 1211.371 GC heap after
{Heap after GC invocations=677 (full 605):
 PSYoungGen      total 44544K, used 16384K [0x00000000f5580000, 0x00000000f9d80000, 0x0000000100000000)
  eden space 16384K, 100% used [0x00000000f5580000,0x00000000f6580000,0x00000000f6580000)
  from space 28160K, 0% used [0x00000000f6580000,0x00000000f6580000,0x00000000f8100000)
  to   space 12800K, 0% used [0x00000000f8100000,0x00000000f8100000,0x00000000f8d80000)
 ParOldGen       total 349696K, used 349695K [0x00000000e0000000, 0x00000000f5580000, 0x00000000f5580000)
  object space 349696K, 99% used [0x00000000e0000000,0x00000000f557fff0,0x00000000f5580000)
 Metaspace       used 49887K, committed 50688K, reserved 1097728K
  class space    used 5041K, committed 5376K, reserved 1048576K
}
Event: 1211.375 GC heap before
{Heap before GC invocations=678 (full 606):
 PSYoungGen      total 44544K, used 16384K [0x00000000f5580000, 0x00000000f9d80000, 0x0000000100000000)
  eden space 16384K, 100% used [0x00000000f5580000,0x00000000f6580000,0x00000000f6580000)
  from space 28160K, 0% used [0x00000000f6580000,0x00000000f6580000,0x00000000f8100000)
  to   space 12800K, 0% used [0x00000000f8100000,0x00000000f8100000,0x00000000f8d80000)
 ParOldGen       total 349696K, used 349695K [0x00000000e0000000, 0x00000000f5580000, 0x00000000f5580000)
  object space 349696K, 99% used [0x00000000e0000000,0x00000000f557fff0,0x00000000f5580000)
 Metaspace       used 49887K, committed 50688K, reserved 1097728K
  class space    used 5041K, committed 5376K, reserved 1048576K
}
Event: 1213.419 GC heap after
{Heap after GC invocations=678 (full 606):
 PSYoungGen      total 29184K, used 16384K [0x00000000f5580000, 0x00000000f9d80000, 0x0000000100000000)
  eden space 16384K, 100% used [0x00000000f5580000,0x00000000f6580000,0x00000000f6580000)
  from space 12800K, 0% used [0x00000000f8100000,0x00000000f8100000,0x00000000f8d80000)
  to   space 28160K, 0% used [0x00000000f6580000,0x00000000f6580000,0x00000000f8100000)
 ParOldGen       total 349696K, used 349695K [0x00000000e0000000, 0x00000000f5580000, 0x00000000f5580000)
  object space 349696K, 99% used [0x00000000e0000000,0x00000000f557fd00,0x00000000f5580000)
 Metaspace       used 49887K, committed 50688K, reserved 1097728K
  class space    used 5041K, committed 5376K, reserved 1048576K
}
Event: 1213.420 GC heap before
{Heap before GC invocations=679 (full 607):
 PSYoungGen      total 29184K, used 16384K [0x00000000f5580000, 0x00000000f9d80000, 0x0000000100000000)
  eden space 16384K, 100% used [0x00000000f5580000,0x00000000f6580000,0x00000000f6580000)
  from space 12800K, 0% used [0x00000000f8100000,0x00000000f8100000,0x00000000f8d80000)
  to   space 28160K, 0% used [0x00000000f6580000,0x00000000f6580000,0x00000000f8100000)
 ParOldGen       total 349696K, used 349695K [0x00000000e0000000, 0x00000000f5580000, 0x00000000f5580000)
  object space 349696K, 99% used [0x00000000e0000000,0x00000000f557ff70,0x00000000f5580000)
 Metaspace       used 49887K, committed 50688K, reserved 1097728K
  class space    used 5041K, committed 5376K, reserved 1048576K
}
Event: 1215.290 GC heap after
{Heap after GC invocations=679 (full 607):
 PSYoungGen      total 44544K, used 16384K [0x00000000f5580000, 0x00000000f9d80000, 0x0000000100000000)
  eden space 16384K, 100% used [0x00000000f5580000,0x00000000f6580000,0x00000000f6580000)
  from space 28160K, 0% used [0x00000000f6580000,0x00000000f6580000,0x00000000f8100000)
  to   space 12800K, 0% used [0x00000000f8100000,0x00000000f8100000,0x00000000f8d80000)
 ParOldGen       total 349696K, used 349695K [0x00000000e0000000, 0x00000000f5580000, 0x00000000f5580000)
  object space 349696K, 99% used [0x00000000e0000000,0x00000000f557fea8,0x00000000f5580000)
 Metaspace       used 49887K, committed 50688K, reserved 1097728K
  class space    used 5041K, committed 5376K, reserved 1048576K
}
Event: 1215.291 GC heap before
{Heap before GC invocations=680 (full 608):
 PSYoungGen      total 44544K, used 16384K [0x00000000f5580000, 0x00000000f9d80000, 0x0000000100000000)
  eden space 16384K, 100% used [0x00000000f5580000,0x00000000f6580000,0x00000000f6580000)
  from space 28160K, 0% used [0x00000000f6580000,0x00000000f6580000,0x00000000f8100000)
  to   space 12800K, 0% used [0x00000000f8100000,0x00000000f8100000,0x00000000f8d80000)
 ParOldGen       total 349696K, used 349696K [0x00000000e0000000, 0x00000000f5580000, 0x00000000f5580000)
  object space 349696K, 100% used [0x00000000e0000000,0x00000000f5580000,0x00000000f5580000)
 Metaspace       used 49887K, committed 50688K, reserved 1097728K
  class space    used 5041K, committed 5376K, reserved 1048576K
}
Event: 1216.973 GC heap after
{Heap after GC invocations=680 (full 608):
 PSYoungGen      total 29184K, used 16384K [0x00000000f5580000, 0x00000000f9d80000, 0x0000000100000000)
  eden space 16384K, 100% used [0x00000000f5580000,0x00000000f6580000,0x00000000f6580000)
  from space 12800K, 0% used [0x00000000f8100000,0x00000000f8100000,0x00000000f8d80000)
  to   space 28160K, 0% used [0x00000000f6580000,0x00000000f6580000,0x00000000f8100000)
 ParOldGen       total 349696K, used 349695K [0x00000000e0000000, 0x00000000f5580000, 0x00000000f5580000)
  object space 349696K, 99% used [0x00000000e0000000,0x00000000f557ff88,0x00000000f5580000)
 Metaspace       used 49887K, committed 50688K, reserved 1097728K
  class space    used 5041K, committed 5376K, reserved 1048576K
}
Event: 1216.973 GC heap before
{Heap before GC invocations=681 (full 609):
 PSYoungGen      total 29184K, used 16384K [0x00000000f5580000, 0x00000000f9d80000, 0x0000000100000000)
  eden space 16384K, 100% used [0x00000000f5580000,0x00000000f6580000,0x00000000f6580000)
  from space 12800K, 0% used [0x00000000f8100000,0x00000000f8100000,0x00000000f8d80000)
  to   space 28160K, 0% used [0x00000000f6580000,0x00000000f6580000,0x00000000f8100000)
 ParOldGen       total 349696K, used 349695K [0x00000000e0000000, 0x00000000f5580000, 0x00000000f5580000)
  object space 349696K, 99% used [0x00000000e0000000,0x00000000f557fff8,0x00000000f5580000)
 Metaspace       used 49887K, committed 50688K, reserved 1097728K
  class space    used 5041K, committed 5376K, reserved 1048576K
}
Event: 1218.933 GC heap after
{Heap after GC invocations=681 (full 609):
 PSYoungGen      total 44544K, used 16384K [0x00000000f5580000, 0x00000000f9d80000, 0x0000000100000000)
  eden space 16384K, 100% used [0x00000000f5580000,0x00000000f6580000,0x00000000f6580000)
  from space 28160K, 0% used [0x00000000f6580000,0x00000000f6580000,0x00000000f8100000)
  to   space 12800K, 0% used [0x00000000f8100000,0x00000000f8100000,0x00000000f8d80000)
 ParOldGen       total 349696K, used 349695K [0x00000000e0000000, 0x00000000f5580000, 0x00000000f5580000)
  object space 349696K, 99% used [0x00000000e0000000,0x00000000f557ff88,0x00000000f5580000)
 Metaspace       used 49887K, committed 50688K, reserved 1097728K
  class space    used 5041K, committed 5376K, reserved 1048576K
}
Event: 1218.939 GC heap before
{Heap before GC invocations=682 (full 610):
 PSYoungGen      total 44544K, used 16384K [0x00000000f5580000, 0x00000000f9d80000, 0x0000000100000000)
  eden space 16384K, 100% used [0x00000000f5580000,0x00000000f6580000,0x00000000f6580000)
  from space 28160K, 0% used [0x00000000f6580000,0x00000000f6580000,0x00000000f8100000)
  to   space 12800K, 0% used [0x00000000f8100000,0x00000000f8100000,0x00000000f8d80000)
 ParOldGen       total 349696K, used 349695K [0x00000000e0000000, 0x00000000f5580000, 0x00000000f5580000)
  object space 349696K, 99% used [0x00000000e0000000,0x00000000f557ff98,0x00000000f5580000)
 Metaspace       used 49887K, committed 50688K, reserved 1097728K
  class space    used 5041K, committed 5376K, reserved 1048576K
}
Event: 1220.756 GC heap after
{Heap after GC invocations=682 (full 610):
 PSYoungGen      total 29184K, used 16384K [0x00000000f5580000, 0x00000000f9d80000, 0x0000000100000000)
  eden space 16384K, 100% used [0x00000000f5580000,0x00000000f6580000,0x00000000f6580000)
  from space 12800K, 0% used [0x00000000f8100000,0x00000000f8100000,0x00000000f8d80000)
  to   space 28160K, 0% used [0x00000000f6580000,0x00000000f6580000,0x00000000f8100000)
 ParOldGen       total 349696K, used 349695K [0x00000000e0000000, 0x00000000f5580000, 0x00000000f5580000)
  object space 349696K, 99% used [0x00000000e0000000,0x00000000f557ff98,0x00000000f5580000)
 Metaspace       used 49887K, committed 50688K, reserved 1097728K
  class space    used 5041K, committed 5376K, reserved 1048576K
}
Event: 1220.756 GC heap before
{Heap before GC invocations=683 (full 611):
 PSYoungGen      total 29184K, used 16384K [0x00000000f5580000, 0x00000000f9d80000, 0x0000000100000000)
  eden space 16384K, 100% used [0x00000000f5580000,0x00000000f6580000,0x00000000f6580000)
  from space 12800K, 0% used [0x00000000f8100000,0x00000000f8100000,0x00000000f8d80000)
  to   space 28160K, 0% used [0x00000000f6580000,0x00000000f6580000,0x00000000f8100000)
 ParOldGen       total 349696K, used 349695K [0x00000000e0000000, 0x00000000f5580000, 0x00000000f5580000)
  object space 349696K, 99% used [0x00000000e0000000,0x00000000f557ff98,0x00000000f5580000)
 Metaspace       used 49887K, committed 50688K, reserved 1097728K
  class space    used 5041K, committed 5376K, reserved 1048576K
}
Event: 1222.478 GC heap after
{Heap after GC invocations=683 (full 611):
 PSYoungGen      total 44544K, used 16384K [0x00000000f5580000, 0x00000000f9d80000, 0x0000000100000000)
  eden space 16384K, 100% used [0x00000000f5580000,0x00000000f6580000,0x00000000f6580000)
  from space 28160K, 0% used [0x00000000f6580000,0x00000000f6580000,0x00000000f8100000)
  to   space 12800K, 0% used [0x00000000f8100000,0x00000000f8100000,0x00000000f8d80000)
 ParOldGen       total 349696K, used 349695K [0x00000000e0000000, 0x00000000f5580000, 0x00000000f5580000)
  object space 349696K, 99% used [0x00000000e0000000,0x00000000f557ff98,0x00000000f5580000)
 Metaspace       used 49887K, committed 50688K, reserved 1097728K
  class space    used 5041K, committed 5376K, reserved 1048576K
}

